2008.04.21 10:17 B C:\Users\Richard\Documents\My Webs\front page vivid arts 2008\Bead_11_2.JPG --> ftp.pacifier.com /public_html Bead_11_2.JPG
2008.04.21 11:33 B C:\Users\Richard\Documents\My Webs\front page vivid arts 2008\index.html --> ftp.pacifier.com /public_html index.html
2008.04.21 11:35 B C:\Users\Richard\Documents\My Webs\front page vivid arts 2008\Batik_Big_Bead_Necklace_2_2.JPG --> ftp.pacifier.com /public_html Batik_Big_Bead_Necklace_2_2.JPG
2008.04.21 11:35 B C:\Users\Richard\Documents\My Webs\front page vivid arts 2008\Bead_11_2.JPG --> ftp.pacifier.com /public_html Bead_11_2.JPG
2008.04.21 11:35 B C:\Users\Richard\Documents\My Webs\front page vivid arts 2008\Bead_18_2.JPG --> ftp.pacifier.com /public_html Bead_18_2.JPG
2008.04.21 11:35 B C:\Users\Richard\Documents\My Webs\front page vivid arts 2008\BEAD_395_cropped_smaller.JPG --> ftp.pacifier.com /public_html BEAD_395_cropped_smaller.JPG
2008.04.21 11:35 B C:\Users\Richard\Documents\My Webs\front page vivid arts 2008\bead_molds_1_2_2.JPG --> ftp.pacifier.com /public_html bead_molds_1_2_2.JPG
2008.04.21 11:35 B C:\Users\Richard\Documents\My Webs\front page vivid arts 2008\bead_molds_3_2.JPG --> ftp.pacifier.com /public_html bead_molds_3_2.JPG
2008.04.21 11:35 B C:\Users\Richard\Documents\My Webs\front page vivid arts 2008\beadmaking.htm --> ftp.pacifier.com /public_html beadmaking.htm
2008.04.21 11:35 B C:\Users\Richard\Documents\My Webs\front page vivid arts 2008\beads.htm --> ftp.pacifier.com /public_html beads.htm
2008.04.21 11:35 B C:\Users\Richard\Documents\My Webs\front page vivid arts 2008\BEADS375_cropped_smaller.JPG --> ftp.pacifier.com /public_html BEADS375_cropped_smaller.JPG
2008.04.21 11:35 B C:\Users\Richard\Documents\My Webs\front page vivid arts 2008\black_and_white_ceramic_beads_2.jpg --> ftp.pacifier.com /public_html black_and_white_ceramic_beads_2.jpg
2008.04.21 11:36 B C:\Users\Richard\Documents\My Webs\front page vivid arts 2008\black_carved_candy_necklace_2.JPG --> ftp.pacifier.com /public_html black_carved_candy_necklace_2.JPG
2008.04.21 11:36 B C:\Users\Richard\Documents\My Webs\front page vivid arts 2008\blue_carved_candy_necklace_2.JPG --> ftp.pacifier.com /public_html blue_carved_candy_necklace_2.JPG
2008.04.21 11:36 B C:\Users\Richard\Documents\My Webs\front page vivid arts 2008\Blue_Collection_2.JPG --> ftp.pacifier.com /public_html Blue_Collection_2.JPG
2008.04.21 11:37 B C:\Users\Richard\Documents\My Webs\front page vivid arts 2008\blue_wrapped_pendant_brighter.jpg --> ftp.pacifier.com /public_html blue_wrapped_pendant_brighter.jpg
2008.04.21 11:37 B C:\Users\Richard\Documents\My Webs\front page vivid arts 2008\bracelet.htm --> ftp.pacifier.com /public_html bracelet.htm
2008.04.21 11:38 B C:\Users\Richard\Documents\My Webs\front page vivid arts 2008\Candy_Necklace_2_2.JPG --> ftp.pacifier.com /public_html Candy_Necklace_2_2.JPG
2008.04.21 11:38 B C:\Users\Richard\Documents\My Webs\front page vivid arts 2008\Carved_Beads_1_2.JPG --> ftp.pacifier.com /public_html Carved_Beads_1_2.JPG
2008.04.21 11:39 B C:\Users\Richard\Documents\My Webs\front page vivid arts 2008\casting_beads_1_2_2.JPG --> ftp.pacifier.com /public_html casting_beads_1_2_2.JPG
2008.04.21 11:39 B C:\Users\Richard\Documents\My Webs\front page vivid arts 2008\dancing_beads_necklace_2.jpg --> ftp.pacifier.com /public_html dancing_beads_necklace_2.jpg
2008.04.21 11:39 B C:\Users\Richard\Documents\My Webs\front page vivid arts 2008\earring.htm --> ftp.pacifier.com /public_html earring.htm
2008.04.21 11:40 B C:\Users\Richard\Documents\My Webs\front page vivid arts 2008\earrings-2-5321-720x720_2.jpg --> ftp.pacifier.com /public_html earrings-2-5321-720x720_2.jpg
2008.04.21 11:40 B C:\Users\Richard\Documents\My Webs\front page vivid arts 2008\fired_beads_in_kiln_1_2.JPG --> ftp.pacifier.com /public_html fired_beads_in_kiln_1_2.JPG
2008.04.21 11:41 B C:\Users\Richard\Documents\My Webs\front page vivid arts 2008\jewelry pictures frame.htm --> ftp.pacifier.com /public_html jewelry pictures frame.htm
2008.04.21 11:41 B C:\Users\Richard\Documents\My Webs\front page vivid arts 2008\jewelry title frame.htm --> ftp.pacifier.com /public_html jewelry title frame.htm
2008.04.21 11:41 B C:\Users\Richard\Documents\My Webs\front page vivid arts 2008\jewelry type frame.htm --> ftp.pacifier.com /public_html jewelry type frame.htm
2008.04.21 11:42 B C:\Users\Richard\Documents\My Webs\front page vivid arts 2008\jewelry.htm --> ftp.pacifier.com /public_html jewelry.htm
2008.04.21 11:42 B C:\Users\Richard\Documents\My Webs\front page vivid arts 2008\Loaded_Kiln_1_2.JPG --> ftp.pacifier.com /public_html Loaded_Kiln_1_2.JPG
2008.04.21 11:43 B C:\Users\Richard\Documents\My Webs\front page vivid arts 2008\make_a_bead_10_2.JPG --> ftp.pacifier.com /public_html make_a_bead_10_2.JPG
2008.04.21 11:43 B C:\Users\Richard\Documents\My Webs\front page vivid arts 2008\make_a_bead_13_2.JPG --> ftp.pacifier.com /public_html make_a_bead_13_2.JPG
2008.04.21 11:44 B C:\Users\Richard\Documents\My Webs\front page vivid arts 2008\make_a_bead_14_2.JPG --> ftp.pacifier.com /public_html make_a_bead_14_2.JPG
2008.04.21 11:44 B C:\Users\Richard\Documents\My Webs\front page vivid arts 2008\make_a_bead_19_2.JPG --> ftp.pacifier.com /public_html make_a_bead_19_2.JPG
2008.04.21 11:44 B C:\Users\Richard\Documents\My Webs\front page vivid arts 2008\make_a_bead_4_2.JPG --> ftp.pacifier.com /public_html make_a_bead_4_2.JPG
2008.04.21 11:45 B C:\Users\Richard\Documents\My Webs\front page vivid arts 2008\make_a_bead_6_2.JPG --> ftp.pacifier.com /public_html make_a_bead_6_2.JPG
2008.04.21 11:45 B C:\Users\Richard\Documents\My Webs\front page vivid arts 2008\making_hole_in_bead_2_2.JPG --> ftp.pacifier.com /public_html making_hole_in_bead_2_2.JPG
2008.04.21 11:46 B C:\Users\Richard\Documents\My Webs\front page vivid arts 2008\metal_bead_bracelet_2.jpg --> ftp.pacifier.com /public_html metal_bead_bracelet_2.jpg
2008.04.21 11:46 B C:\Users\Richard\Documents\My Webs\front page vivid arts 2008\necklace.htm --> ftp.pacifier.com /public_html necklace.htm
2008.04.21 11:46 B C:\Users\Richard\Documents\My Webs\front page vivid arts 2008\pendant-5005-960x674_2.jpg --> ftp.pacifier.com /public_html pendant-5005-960x674_2.jpg
2008.04.21 11:47 B C:\Users\Richard\Documents\My Webs\front page vivid arts 2008\pendant.htm --> ftp.pacifier.com /public_html pendant.htm
2008.04.21 11:47 B C:\Users\Richard\Documents\My Webs\front page vivid arts 2008\purple_and_blue_collection_2.JPG --> ftp.pacifier.com /public_html purple_and_blue_collection_2.JPG
2008.04.21 11:48 B C:\Users\Richard\Documents\My Webs\front page vivid arts 2008\Red_and_Black_Bead_Assortment_2.JPG --> ftp.pacifier.com /public_html Red_and_Black_Bead_Assortment_2.JPG
2008.04.21 11:48 B C:\Users\Richard\Documents\My Webs\front page vivid arts 2008\red_and_green_collection_2.JPG --> ftp.pacifier.com /public_html red_and_green_collection_2.JPG
2008.04.21 11:49 B C:\Users\Richard\Documents\My Webs\front page vivid arts 2008\resume.html --> ftp.pacifier.com /public_html resume.html
2008.04.21 11:49 B C:\Users\Richard\Documents\My Webs\front page vivid arts 2008\ring-with-stone-5022-900x720_2.jpg --> ftp.pacifier.com /public_html ring-with-stone-5022-900x720_2.jpg
2008.04.21 11:49 B C:\Users\Richard\Documents\My Webs\front page vivid arts 2008\ring.htm --> ftp.pacifier.com /public_html ring.htm
2008.04.21 11:50 B C:\Users\Richard\Documents\My Webs\front page vivid arts 2008\Sea_shell_Bead_Assortment_2.JPG --> ftp.pacifier.com /public_html Sea_shell_Bead_Assortment_2.JPG
2008.04.21 11:50 B C:\Users\Richard\Documents\My Webs\front page vivid arts 2008\Summer_Collection_2_2.JPG --> ftp.pacifier.com /public_html Summer_Collection_2_2.JPG
2008.04.21 11:51 B C:\Users\Richard\Documents\My Webs\front page vivid arts 2008\woven-rings-5021-960x658_2.jpg --> ftp.pacifier.com /public_html woven-rings-5021-960x658_2.jpg
2008.04.21 11:51 B C:\Users\Richard\Documents\My Webs\front page vivid arts 2008\woven-rings-5021-master_detail_2.jpg --> ftp.pacifier.com /public_html woven-rings-5021-master_detail_2.jpg
2008.04.21 11:52 B C:\Users\Richard\Documents\My Webs\front page vivid arts 2008\wrapped-pendant-2928-480x720_2.jpg --> ftp.pacifier.com /public_html wrapped-pendant-2928-480x720_2.jpg
2008.04.21 13:01 B C:\Users\Richard\Documents\My Webs\vivid arts full web site 2008\WS_FTP.LOG <-- Pacifier /public_html WS_FTP.LOG
2008.04.21 13:36 B C:\Users\Richard\Documents\My Webs\vivid arts full web site 2008\enlargeable_thumbnail_pictures.htm <-- Pacifier /public_html enlargeable_thumbnail_pictures.htm
2008.04.21 13:52 B C:\Users\Richard\Documents\My Webs\vivid arts full web site 2008\beadmaking.htm <-- Pacifier /public_html beadmaking.htm
2008.04.21 13:52 B C:\Users\Richard\Documents\My Webs\vivid arts full web site 2008\beads.htm <-- Pacifier /public_html beads.htm
2008.04.21 15:23 B C:\Users\Richard\Documents\My Webs\vivid arts full web site 2008\enlargeable_thumbnail_pictures.htm <-- Pacifier /public_html enlargeable_thumbnail_pictures.htm
2008.04.21 15:23 B C:\Users\Richard\Documents\My Webs\vivid arts full web site 2008\jewelry pictures frame.htm <-- Pacifier /public_html jewelry pictures frame.htm
2008.04.21 15:23 B C:\Users\Richard\Documents\My Webs\vivid arts full web site 2008\necklace.htm <-- Pacifier /public_html necklace.htm
